<?xml version="1.0" encoding="UTF-8"?>
<!-- Generated by org.testng.reporters.JUnitReportReporter -->
<testsuite hostname="DESKTOP-1A0K5DH" failures="0" tests="1" name="com.test.cucumber.Runner" time="16.387" errors="0" timestamp="2023-01-23T12:29:18 EST" skipped="0">
  <testcase classname="com.test.cucumber.Runner" name="runScenario" time="16.387"/>
  <system-out/>
</testsuite> <!-- com.test.cucumber.Runner -->
